<?xml version="1.0" encoding="UTF-8"?>
<!-- Generated by org.testng.reporters.JUnitReportReporter -->
<testsuite hostname="DESKTOP-3AQOOAD" failures="0" tests="6" name="assignmentonkiteloginpage.Assignmenttestclass" time="16.119" errors="0" timestamp="2022-06-27T12:29:11 IST" skipped="0">
  <testcase classname="assignmentonkiteloginpage.Assignmenttestclass" name="Testcase1" time="1.628"/>
  <system-out>
    <![CDATA[userid errormsg is  showing 
password errormsg is  showing ]]>
  </system-out>
  <testcase classname="assignmentonkiteloginpage.Assignmenttestclass" name="Testcase2" time="2.897"/>
  <system-out>
    <![CDATA[password errormsg is  showing ]]>
  </system-out>
  <testcase classname="assignmentonkiteloginpage.Assignmenttestclass" name="testcase4" time="3.193"/>
  <system-out>
    <![CDATA[invalid userid and password msg showing]]>
  </system-out>
  <testcase classname="assignmentonkiteloginpage.Assignmenttestclass" name="testcase5" time="0.718"/>
  <system-out>
    <![CDATA[invalid userid and password msg showing]]>
  </system-out>
  <testcase classname="assignmentonkiteloginpage.Assignmenttestclass" name="Testcase3" time="3.740"/>
  <system-out>
    <![CDATA[userid errormsg is  showing ]]>
  </system-out>
  <testcase classname="assignmentonkiteloginpage.Assignmenttestclass" name="Testcase6" time="3.943"/>
  <system-out>
    <![CDATA[login and going forward to pinpage]]>
  </system-out>
</testsuite> <!-- assignmentonkiteloginpage.Assignmenttestclass -->
