<?xml version="1.0" encoding="UTF-8"?>
<!-- Generated by org.testng.reporters.JUnitReportReporter -->
<testsuite hostname="DESKTOP-3AQOOAD" failures="0" tests="2" name="pomtestng.TESTCLASS" time="9.922" errors="0" timestamp="2022-06-16T20:41:00 IST" skipped="0">
  <testcase classname="pomtestng.TESTCLASS" name="logintozerodha" time="3.235"/>
  <system-out/>
  <testcase classname="pomtestng.TESTCLASS" name="verification" time="6.687"/>
  <system-out>
    <![CDATA[user id  mathch TC is passed]]>
  </system-out>
</testsuite> <!-- pomtestng.TESTCLASS -->
