<?xml version="1.0" encoding="UTF-8"?>
<!-- Generated by org.testng.reporters.JUnitReportReporter -->
<testsuite hostname="DESKTOP-3AQOOAD" failures="0" tests="1" name="testNGstudy.Testclass" time="12.019" errors="0" timestamp="2022-06-18T10:06:07 IST" skipped="0">
  <testcase classname="testNGstudy.Testclass" name="mymethod1" time="12.019"/>
  <system-out>
    <![CDATA[Mymethod is running]]>
  </system-out>
</testsuite> <!-- testNGstudy.Testclass -->
