<?xml version="1.0" encoding="UTF-8"?>
<!-- Generated by org.testng.reporters.JUnitReportReporter -->
<testsuite hostname="DESKTOP-3AQOOAD" failures="0" tests="5" name="keywordstestng.Timeout" time="0.253" errors="0" timestamp="2022-06-14T14:24:03 IST" skipped="0">
  <testcase classname="keywordstestng.Timeout" name="r" time="0.004"/>
  <system-out>
    <![CDATA[method r is running]]>
  </system-out>
  <testcase classname="keywordstestng.Timeout" name="s" time="0.004"/>
  <system-out>
    <![CDATA[method s is running]]>
  </system-out>
  <testcase classname="keywordstestng.Timeout" name="p" time="0.237"/>
  <system-out>
    <![CDATA[method p is running]]>
  </system-out>
  <testcase classname="keywordstestng.Timeout" name="t" time="0.005"/>
  <system-out>
    <![CDATA[method t is running]]>
  </system-out>
  <testcase classname="keywordstestng.Timeout" name="q" time="0.003"/>
  <system-out>
    <![CDATA[method q is running]]>
  </system-out>
</testsuite> <!-- keywordstestng.Timeout -->
