<?xml version="1.0" encoding="UTF-8"?>
<!-- Generated by org.testng.reporters.JUnitReportReporter -->
<testsuite hostname="DESKTOP-3AQOOAD" failures="0" tests="1" name="testNGstudy.Annotationstudy" time="0.013" errors="0" timestamp="2022-06-13T14:13:17 IST" skipped="0">
  <testcase classname="testNGstudy.Annotationstudy" name="first" time="0.013"/>
  <system-out>
    <![CDATA[first method is running]]>
  </system-out>
</testsuite> <!-- testNGstudy.Annotationstudy -->
