<?xml version="1.0" encoding="UTF-8"?>
<!-- Generated by org.testng.reporters.JUnitReportReporter -->
<testsuite hostname="DESKTOP-3AQOOAD" failures="0" tests="1" name="parallelexecution.Test1" time="19.779" errors="0" timestamp="2022-06-14T15:34:28 IST" skipped="0">
  <testcase classname="parallelexecution.Test1" name="a" time="19.779"/>
  <system-out>
    <![CDATA[Mymethod a is running]]>
  </system-out>
</testsuite> <!-- parallelexecution.Test1 -->
