<?xml version="1.0" encoding="UTF-8"?>
<!-- Generated by org.testng.reporters.JUnitReportReporter -->
<testsuite hostname="DESKTOP-3AQOOAD" failures="0" tests="2" name="keywordstestng.Dependsonmethod" time="0.009" errors="0" timestamp="2022-06-14T14:24:03 IST" skipped="0">
  <testcase classname="keywordstestng.Dependsonmethod" name="t" time="0.005"/>
  <system-out>
    <![CDATA[method t is running]]>
  </system-out>
  <testcase classname="keywordstestng.Dependsonmethod" name="s" time="0.004"/>
  <system-out>
    <![CDATA[method s is running]]>
  </system-out>
</testsuite> <!-- keywordstestng.Dependsonmethod -->
