<?xml version="1.0" encoding="UTF-8"?>
<!-- Generated by org.testng.reporters.JUnitReportReporter -->
<testsuite hostname="DESKTOP-3AQOOAD" failures="0" tests="1" name="parallelexecution.Test2" time="18.764" errors="0" timestamp="2022-06-14T15:34:28 IST" skipped="0">
  <testcase classname="parallelexecution.Test2" name="b" time="18.764"/>
  <system-out>
    <![CDATA[Mymethod b is running]]>
  </system-out>
</testsuite> <!-- parallelexecution.Test2 -->
