<?xml version="1.0" encoding="UTF-8"?>
<!-- Generated by org.testng.reporters.JUnitReportReporter -->
<testsuite hostname="DESKTOP-3AQOOAD" failures="0" tests="1" name="apptestclass.TestNGfileproperties" time="5.346" errors="0" timestamp="2022-06-21T16:28:35 IST" skipped="0">
  <testcase classname="apptestclass.TestNGfileproperties" name="validateuserid" time="5.346"/>
  <system-out>
    <![CDATA[TC is passed]]>
  </system-out>
</testsuite> <!-- apptestclass.TestNGfileproperties -->
