<?xml version="1.0" encoding="UTF-8"?>
<!-- Generated by org.testng.reporters.JUnitReportReporter -->
<testsuite hostname="DESKTOP-3AQOOAD" failures="0" tests="3" name="keywordstestng.Invocationcountuse" time="0.045" errors="0" timestamp="2022-06-14T12:33:48 IST" skipped="0">
  <testcase classname="keywordstestng.Invocationcountuse" name="openbrowser" time="0.006"/>
  <system-out>
    <![CDATA[open browser is running]]>
  </system-out>
  <testcase classname="keywordstestng.Invocationcountuse" name="openbrowser" time="0.036"/>
  <system-out>
    <![CDATA[open browser is running]]>
  </system-out>
  <testcase classname="keywordstestng.Invocationcountuse" name="openbrowser" time="0.003"/>
  <system-out>
    <![CDATA[open browser is running]]>
  </system-out>
</testsuite> <!-- keywordstestng.Invocationcountuse -->
