<?xml version="1.0" encoding="UTF-8"?>
<!-- Generated by org.testng.reporters.JUnitReportReporter -->
<testsuite hostname="DESKTOP-3AQOOAD" failures="0" tests="5" name="keywordstestng.Enabled" time="0.062" errors="0" timestamp="2022-06-14T14:24:03 IST" skipped="0">
  <testcase classname="keywordstestng.Enabled" name="s" time="0.025"/>
  <system-out>
    <![CDATA[method s is running]]>
  </system-out>
  <testcase classname="keywordstestng.Enabled" name="t" time="0.015"/>
  <system-out>
    <![CDATA[method t is running]]>
  </system-out>
  <testcase classname="keywordstestng.Enabled" name="q" time="0.015"/>
  <system-out>
    <![CDATA[method q is running]]>
  </system-out>
  <testcase classname="keywordstestng.Enabled" name="r" time="0.003"/>
  <system-out>
    <![CDATA[method r is running]]>
  </system-out>
  <testcase classname="keywordstestng.Enabled" name="p" time="0.004"/>
  <system-out>
    <![CDATA[method p is running]]>
  </system-out>
</testsuite> <!-- keywordstestng.Enabled -->
