<?xml version="1.0" encoding="UTF-8"?>
<!-- Generated by org.testng.reporters.JUnitReportReporter -->
<testsuite hostname="DESKTOP-3AQOOAD" failures="0" tests="1" name="kitewithexcel.TestNGkite" time="5.370" errors="0" timestamp="2022-06-17T14:27:07 IST" skipped="0">
  <testcase classname="kitewithexcel.TestNGkite" name="validation" time="5.370"/>
  <system-out>
    <![CDATA[validating userid
expected and actualuser are  matching TC is passed]]>
  </system-out>
</testsuite> <!-- kitewithexcel.TestNGkite -->
