<?xml version="1.0" encoding="UTF-8"?>
<!-- Generated by org.testng.reporters.JUnitReportReporter -->
<testsuite hostname="DESKTOP-3AQOOAD" failures="0" tests="2" name="kitewithexcel.CrossbrowsingTestNGkite2" time="12.999" errors="0" timestamp="2022-06-18T21:36:36 IST" skipped="0">
  <testcase classname="kitewithexcel.CrossbrowsingTestNGkite2" name="validation" time="8.331"/>
  <system-out>
    <![CDATA[validating userid
expected and actualuser are  matching TC is passed]]>
  </system-out>
  <testcase classname="kitewithexcel.CrossbrowsingTestNGkite2" name="validation" time="4.668"/>
  <system-out>
    <![CDATA[validating userid
expected and actualuser are  matching TC is passed]]>
  </system-out>
</testsuite> <!-- kitewithexcel.CrossbrowsingTestNGkite2 -->
