<?xml version="1.0" encoding="UTF-8"?>
<!-- Generated by org.testng.reporters.JUnitReportReporter -->
<testsuite hostname="DESKTOP-3AQOOAD" failures="0" tests="1" name="parallelexecution.Test3" time="26.027" errors="0" timestamp="2022-06-14T15:34:28 IST" skipped="0">
  <testcase classname="parallelexecution.Test3" name="c" time="26.027"/>
  <system-out>
    <![CDATA[Mymethod c is running]]>
  </system-out>
</testsuite> <!-- parallelexecution.Test3 -->
