<?xml version="1.0" encoding="UTF-8"?>
<!-- Generated by org.testng.reporters.JUnitReportReporter -->
<testsuite hostname="DESKTOP-3AQOOAD" failures="0" tests="1" name="groupingtestNG.Test1" time="0.016" errors="0" timestamp="2022-06-17T10:50:15 IST" skipped="0">
  <testcase classname="groupingtestNG.Test1" name="p" time="0.016"/>
  <system-out>
    <![CDATA[method p regression is running]]>
  </system-out>
</testsuite> <!-- groupingtestNG.Test1 -->
