<?xml version="1.0" encoding="UTF-8"?>
<!-- Generated by org.testng.reporters.JUnitReportReporter -->
<testsuite hostname="DESKTOP-3AQOOAD" failures="0" tests="1" name="groupingtestNG.Test2" time="0.016" errors="0" timestamp="2022-06-17T10:51:36 IST" skipped="0">
  <testcase classname="groupingtestNG.Test2" name="s" time="0.016"/>
  <system-out>
    <![CDATA[method s sanity is running]]>
  </system-out>
</testsuite> <!-- groupingtestNG.Test2 -->
